<?xml version="1.0" encoding="UTF-8"?>
<!-- Generated by org.testng.reporters.JUnitReportReporter -->
<testsuite hostname="DESKTOP-FFQQAKU" failures="0" tests="1" name="com.vmo.test.DemoTestAmazon" time="4.584" errors="0" timestamp="2022-05-24T10:01:50 ICT" skipped="0">
  <testcase classname="com.vmo.test.DemoTestAmazon" name="S001_Amazon_Search" time="4.584"/>
  <system-out/>
</testsuite> <!-- com.vmo.test.DemoTestAmazon -->
