<?xml version="1.0" encoding="UTF-8"?>
<!-- Generated by org.testng.reporters.JUnitReportReporter -->
<testsuite hostname="DESKTOP-FFQQAKU" failures="0" tests="3" name="com.vmo.test.DemoTest" time="157.899" errors="0" timestamp="2022-06-23T23:19:58 ICT" skipped="0">
  <testcase classname="com.vmo.test.DemoTest" name="getProducts02Amazon" time="7.327"/>
  <system-out/>
  <testcase classname="com.vmo.test.DemoTest" name="testSort" time="1.663"/>
  <system-out/>
  <testcase classname="com.vmo.test.DemoTest" name="getProducts01Ebay" time="148.909"/>
  <system-out/>
</testsuite> <!-- com.vmo.test.DemoTest -->
